----------------------------------------
Begin PBS Prologue Tue Apr  4 16:17:26 EDT 2017 1491337046
Job ID:		86426087.gm-1r16-n04.guillimin.clumeq.ca
Username:	akashi
Group:		rck-371-01
Nodes:		sw-2r12-n60
End PBS Prologue Tue Apr  4 16:17:26 EDT 2017 1491337046
----------------------------------------
PHiPerSolver available.
Max OMP threads = 1
Preconditioner choice: f
Preconditioner: Number of sweeps = 2, 2
Domain boundaries in each dimension:
-1.000000 1.000000 -1.000000 1.000000 -1.000000 1.000000 
CartMesh: Number of points in each direction: 60 60 60 
CartMesh: Setting up DMDA
CartMesh: Total points = 216000, interior points = 195112, total number of partitions = 1
CartMesh: generateMesh_cheb: Generating grid
CartMesh: generateMesh_Cheb: h = 0.092216
ComputeRHS: Starting
ComputeRHS: Done
ComputeLHS: Setting values of the LHS matrix...
ComputeLHS: Done.
Using FGPILU as preconditioner.
compute_fgpilu_local(): First-time setup
compute_fgpilu_local: Factorizing. 2 build sweeps, chunk size is 1024 threads.
  0 KSP Residual norm 1.932681740716e+01 
  1 KSP Residual norm 1.598719688805e+01 
  2 KSP Residual norm 1.331209651856e+01 
  3 KSP Residual norm 1.114929911977e+01 
  4 KSP Residual norm 9.386443427358e+00 
  5 KSP Residual norm 7.939250067233e+00 
  6 KSP Residual norm 6.743611637093e+00 
  7 KSP Residual norm 5.750153079748e+00 
  8 KSP Residual norm 4.920422475358e+00 
  9 KSP Residual norm 4.224178854393e+00 
 10 KSP Residual norm 3.637430506140e+00 
 11 KSP Residual norm 3.140995053244e+00 
 12 KSP Residual norm 2.719428067476e+00 
 13 KSP Residual norm 2.360216022693e+00 
 14 KSP Residual norm 2.053161613911e+00 
 15 KSP Residual norm 1.789910956879e+00 
 16 KSP Residual norm 1.563586715079e+00 
 17 KSP Residual norm 1.368501181502e+00 
 18 KSP Residual norm 1.199930302632e+00 
 19 KSP Residual norm 1.053934558671e+00 
 20 KSP Residual norm 9.272161508180e-01 
 21 KSP Residual norm 8.170045187443e-01 
 22 KSP Residual norm 7.209641044741e-01 
 23 KSP Residual norm 6.371196869709e-01 
 24 KSP Residual norm 5.637956690181e-01 
 25 KSP Residual norm 4.995664986094e-01 
 26 KSP Residual norm 4.432160179397e-01 
 27 KSP Residual norm 3.937040023579e-01 
 28 KSP Residual norm 3.501385143811e-01 
 29 KSP Residual norm 3.117529798418e-01 
 30 KSP Residual norm 2.778871135850e-01 
 31 KSP Residual norm 2.479709951541e-01 
 32 KSP Residual norm 2.215117313914e-01 
 33 KSP Residual norm 1.980822510047e-01 
 34 KSP Residual norm 1.773118621644e-01 
 35 KSP Residual norm 1.588782728771e-01 
 36 KSP Residual norm 1.425008289357e-01 
 37 KSP Residual norm 1.279347685245e-01 
 38 KSP Residual norm 1.149663283044e-01 
 39 KSP Residual norm 1.034085647468e-01 
 40 KSP Residual norm 9.309777800373e-02 
 41 KSP Residual norm 8.389044477221e-02 
 42 KSP Residual norm 7.566058228201e-02 
 43 KSP Residual norm 6.829747839042e-02 
 44 KSP Residual norm 6.170373334058e-02 
 45 KSP Residual norm 5.579356746304e-02 
 46 KSP Residual norm 5.049135631902e-02 
 47 KSP Residual norm 4.573036077405e-02 
 48 KSP Residual norm 4.145162447724e-02 
 49 KSP Residual norm 3.760301538284e-02 
 50 KSP Residual norm 3.413839143527e-02 
 51 KSP Residual norm 3.101687346270e-02 
 52 KSP Residual norm 2.820221078651e-02 
 53 KSP Residual norm 2.566222713136e-02 
 54 KSP Residual norm 2.336833617925e-02 
 55 KSP Residual norm 2.129511760277e-02 
 56 KSP Residual norm 1.941994568151e-02 
 57 KSP Residual norm 1.772266368814e-02 
 58 KSP Residual norm 1.618529815433e-02 
 59 KSP Residual norm 1.479180791959e-02 
 60 KSP Residual norm 1.352786354460e-02 
 61 KSP Residual norm 1.238065325572e-02 
 62 KSP Residual norm 1.133871209012e-02 
 63 KSP Residual norm 1.039177134532e-02 
 64 KSP Residual norm 9.530625812338e-03 
 65 KSP Residual norm 8.747016595931e-03 
 66 KSP Residual norm 8.033527607028e-03 
 67 KSP Residual norm 7.383494056235e-03 
 68 KSP Residual norm 6.790921489222e-03 
 69 KSP Residual norm 6.250414088839e-03 
 70 KSP Residual norm 5.757111129012e-03 
 71 KSP Residual norm 5.306630604784e-03 
 72 KSP Residual norm 4.895019184370e-03 
 73 KSP Residual norm 4.518707734844e-03 
 74 KSP Residual norm 4.174471765464e-03 
 75 KSP Residual norm 3.859396213117e-03 
 76 KSP Residual norm 3.570844064753e-03 
 77 KSP Residual norm 3.306428373082e-03 
 78 KSP Residual norm 3.063987275534e-03 
 79 KSP Residual norm 2.841561673452e-03 
 80 KSP Residual norm 2.637375269584e-03 
 81 KSP Residual norm 2.449816697952e-03 
 82 KSP Residual norm 2.277423511699e-03 
 83 KSP Residual norm 2.118867822196e-03 
 84 KSP Residual norm 1.972943406933e-03 
 85 KSP Residual norm 1.838554125053e-03 
 86 KSP Residual norm 1.714703498116e-03 
 87 KSP Residual norm 1.600485330129e-03 
 88 KSP Residual norm 1.495075255416e-03 
 89 KSP Residual norm 1.397723115634e-03 
 90 KSP Residual norm 1.307746078509e-03 
 91 KSP Residual norm 1.224522420794e-03 
 92 KSP Residual norm 1.147485906674e-03 
 93 KSP Residual norm 1.076120700600e-03 
 94 KSP Residual norm 1.009956760314e-03 
 95 KSP Residual norm 9.485656618572e-04 
 96 KSP Residual norm 8.915568136456e-04 
 97 KSP Residual norm 8.385740214001e-04 
 98 KSP Residual norm 7.892923698188e-04 
 99 KSP Residual norm 7.434153905492e-04 
100 KSP Residual norm 7.006724892214e-04 
101 KSP Residual norm 6.608166071429e-04 
102 KSP Residual norm 6.236220957646e-04 
103 KSP Residual norm 5.888827842403e-04 
104 KSP Residual norm 5.564102223541e-04 
105 KSP Residual norm 5.260320828484e-04 
106 KSP Residual norm 4.975907086841e-04 
107 KSP Residual norm 4.709417921741e-04 
108 KSP Residual norm 4.459531741317e-04 
109 KSP Residual norm 4.225037522570e-04 
110 KSP Residual norm 4.004824889819e-04 
111 KSP Residual norm 3.797875098580e-04 
112 KSP Residual norm 3.603252843701e-04 
113 KSP Residual norm 3.420098817616e-04 
114 KSP Residual norm 3.247622951324e-04 
115 KSP Residual norm 3.085098276243e-04 
116 KSP Residual norm 2.931855350804e-04 
117 KSP Residual norm 2.787277200371e-04 
118 KSP Residual norm 2.650794723493e-04 
119 KSP Residual norm 2.521882521865e-04 
120 KSP Residual norm 2.400055114782e-04 
121 KSP Residual norm 2.284863502714e-04 
122 KSP Residual norm 2.175892047375e-04 
123 KSP Residual norm 2.072755638899e-04 
124 KSP Residual norm 1.975097123228e-04 
125 KSP Residual norm 1.882584965255e-04 
126 KSP Residual norm 1.794911125609e-04 
127 KSP Residual norm 1.711789130806e-04 
128 KSP Residual norm 1.632952318560e-04 
129 KSP Residual norm 1.558152241687e-04 
130 KSP Residual norm 1.487157215496e-04 
131 KSP Residual norm 1.419750995133e-04 
132 KSP Residual norm 1.355731570492e-04 
133 KSP Residual norm 1.294910067604e-04 
134 KSP Residual norm 1.237109746382e-04 
135 KSP Residual norm 1.182165085668e-04 
136 KSP Residual norm 1.129920947271e-04 
137 KSP Residual norm 1.080231811650e-04 
138 KSP Residual norm 1.032961078463e-04 
139 KSP Residual norm 9.879804259619e-05 
140 KSP Residual norm 9.451692237274e-05 
141 KSP Residual norm 9.044139938940e-05 
142 KSP Residual norm 8.656079162618e-05 
143 KSP Residual norm 8.286503733844e-05 
144 KSP Residual norm 7.934465320202e-05 
145 KSP Residual norm 7.599069575600e-05 
146 KSP Residual norm 7.279472585543e-05 
147 KSP Residual norm 6.974877586771e-05 
148 KSP Residual norm 6.684531936410e-05 
149 KSP Residual norm 6.407724309165e-05 
150 KSP Residual norm 6.143782103459e-05 
151 KSP Residual norm 5.892069037394e-05 
152 KSP Residual norm 5.651982919136e-05 
153 KSP Residual norm 5.422953577406e-05 
154 KSP Residual norm 5.204440937986e-05 
155 KSP Residual norm 4.995933234808e-05 
156 KSP Residual norm 4.796945344246e-05 
157 KSP Residual norm 4.607017233599e-05 
158 KSP Residual norm 4.425712513132e-05 
159 KSP Residual norm 4.252617085798e-05 
160 KSP Residual norm 4.087337884511e-05 
161 KSP Residual norm 3.929501692623e-05 
162 KSP Residual norm 3.778754039627e-05 
163 KSP Residual norm 3.634758167497e-05 
164 KSP Residual norm 3.497194061948e-05 
165 KSP Residual norm 3.365757544032e-05 
166 KSP Residual norm 3.240159417940e-05 
167 KSP Residual norm 3.120124670662e-05 
168 KSP Residual norm 3.005391720047e-05 
169 KSP Residual norm 2.895711708275e-05 
170 KSP Residual norm 2.790847836571e-05 
171 KSP Residual norm 2.690574739917e-05 
172 KSP Residual norm 2.594677897669e-05 
173 KSP Residual norm 2.502953078439e-05 
174 KSP Residual norm 2.415205817200e-05 
175 KSP Residual norm 2.331250921054e-05 
176 KSP Residual norm 2.250912004605e-05 
177 KSP Residual norm 2.174021049906e-05 
178 KSP Residual norm 2.100417991616e-05 
179 KSP Residual norm 2.029950324835e-05 
180 KSP Residual norm 1.962472734494e-05 
181 KSP Residual norm 1.897846744991e-05 
182 KSP Residual norm 1.835940388280e-05 
183 KSP Residual norm 1.776627890427e-05 
184 KSP Residual norm 1.719789374270e-05 
185 KSP Residual norm 1.665310577810e-05 
186 KSP Residual norm 1.613082587781e-05 
187 KSP Residual norm 1.563001586208e-05 
188 KSP Residual norm 1.514968610824e-05 
189 KSP Residual norm 1.468889327062e-05 
190 KSP Residual norm 1.424673812157e-05 
191 KSP Residual norm 1.382236349411e-05 
192 KSP Residual norm 1.341495233181e-05 
193 KSP Residual norm 1.302372583087e-05 
194 KSP Residual norm 1.264794167703e-05 
195 KSP Residual norm 1.228689236137e-05 
196 KSP Residual norm 1.193990358386e-05 
197 KSP Residual norm 1.160633272628e-05 
198 KSP Residual norm 1.128556740080e-05 
199 KSP Residual norm 1.097702406475e-05 
200 KSP Residual norm 1.068014669896e-05 
201 KSP Residual norm 1.039440554622e-05 
202 KSP Residual norm 1.011929591126e-05 
203 KSP Residual norm 9.854337007617e-06 
204 KSP Residual norm 9.599070862365e-06 
205 KSP Residual norm 9.353061266744e-06 
206 KSP Residual norm 9.115892773254e-06 
207 KSP Residual norm 8.887169740197e-06 
208 KSP Residual norm 8.666515411474e-06 
209 KSP Residual norm 8.453571045353e-06 
210 KSP Residual norm 8.247995071572e-06 
211 KSP Residual norm 8.049462295885e-06 
212 KSP Residual norm 7.857663129614e-06 
213 KSP Residual norm 7.672302858847e-06 
214 KSP Residual norm 7.493100942555e-06 
215 KSP Residual norm 7.319790342718e-06 
216 KSP Residual norm 7.152116882738e-06 
217 KSP Residual norm 6.989838636451e-06 
218 KSP Residual norm 6.832725339153e-06 
219 KSP Residual norm 6.680557830374e-06 
220 KSP Residual norm 6.533127516198e-06 
221 KSP Residual norm 6.390235860032e-06 
222 KSP Residual norm 6.251693892828e-06 
223 KSP Residual norm 6.117321747706e-06 
224 KSP Residual norm 5.986948212327e-06 
225 KSP Residual norm 5.860410307106e-06 
226 KSP Residual norm 5.737552876574e-06 
227 KSP Residual norm 5.618228205583e-06 
228 KSP Residual norm 5.502295647443e-06 
229 KSP Residual norm 5.389621274429e-06 
230 KSP Residual norm 5.280077542645e-06 
231 KSP Residual norm 5.173542971086e-06 
232 KSP Residual norm 5.069901840335e-06 
233 KSP Residual norm 4.969043900365e-06 
234 KSP Residual norm 4.870864097918e-06 
235 KSP Residual norm 4.775262312195e-06 
236 KSP Residual norm 4.682143107878e-06 
237 KSP Residual norm 4.591415495672e-06 
238 KSP Residual norm 4.502992709242e-06 
239 KSP Residual norm 4.416791990896e-06 
240 KSP Residual norm 4.332734386157e-06 
241 KSP Residual norm 4.250744554556e-06 
242 KSP Residual norm 4.170750581955e-06 
243 KSP Residual norm 4.092683810982e-06 
244 KSP Residual norm 4.016478671080e-06 
245 KSP Residual norm 3.942072526330e-06 
246 KSP Residual norm 3.869405523269e-06 
247 KSP Residual norm 3.798420452625e-06 
248 KSP Residual norm 3.729062613746e-06 
249 KSP Residual norm 3.661279687515e-06 
250 KSP Residual norm 3.595021620522e-06 
251 KSP Residual norm 3.530240503364e-06 
252 KSP Residual norm 3.466890470106e-06 
253 KSP Residual norm 3.404927591820e-06 
254 KSP Residual norm 3.344309782239e-06 
255 KSP Residual norm 3.284996703156e-06 
256 KSP Residual norm 3.226949680707e-06 
257 KSP Residual norm 3.170131619243e-06 
258 KSP Residual norm 3.114506926497e-06 
259 KSP Residual norm 3.060041438856e-06 
260 KSP Residual norm 3.006702350702e-06 
261 KSP Residual norm 2.954458147892e-06 
262 KSP Residual norm 2.903278546326e-06 
263 KSP Residual norm 2.853134432634e-06 
264 KSP Residual norm 2.803997804670e-06 
265 KSP Residual norm 2.755841722406e-06 
266 KSP Residual norm 2.708640254244e-06 
267 KSP Residual norm 2.662368431998e-06 
268 KSP Residual norm 2.617002202718e-06 
269 KSP Residual norm 2.572518387055e-06 
270 KSP Residual norm 2.528894639588e-06 
271 KSP Residual norm 2.486109407906e-06 
272 KSP Residual norm 2.444141898708e-06 
273 KSP Residual norm 2.402972040724e-06 
274 KSP Residual norm 2.362580453823e-06 
275 KSP Residual norm 2.322948417022e-06 
276 KSP Residual norm 2.284057838107e-06 
277 KSP Residual norm 2.245891228958e-06 
278 KSP Residual norm 2.208431674045e-06 
279 KSP Residual norm 2.171662809756e-06 
280 KSP Residual norm 2.135568797700e-06 
281 KSP Residual norm 2.100134303884e-06 
282 KSP Residual norm 2.065344475447e-06 
283 KSP Residual norm 2.031184921937e-06 
284 KSP Residual norm 1.997641694528e-06 
285 KSP Residual norm 1.964701268468e-06 
286 KSP Residual norm 1.932350525201e-06 
KSP final norm of residual 0.000983387
KSP Object: 1 MPI processes
  type: richardson
    Richardson: damping factor=1
  maximum iterations=500, initial guess is zero
  tolerances:  relative=1e-07, absolute=1e-50, divergence=10000
  left preconditioning
  using PRECONDITIONED norm type for convergence test
PC Object: 1 MPI processes
  type: shell
    Shell: FGPILU
  linear system matrix = precond matrix:
  Mat Object:   1 MPI processes
    type: seqaij
    rows=195112, cols=195112
    total: nonzeros=1.3456e+06, allocated nonzeros=1.3456e+06
    total number of mallocs used during MatSetValues calls =0
      not using I-node routines
Number of KSP iterations = 286
KSP residual norm = 0.000002
h and error: 0.092216  0.007443
log h and log error: -1.035193  -2.128263
cleanup_fgpilu(): All done.
----------------------------------------
Begin PBS Epilogue Tue Apr  4 16:17:38 EDT 2017 1491337058
Job ID:		86426087.gm-1r16-n04.guillimin.clumeq.ca
Username:	akashi
Group:		rck-371-01
Job Name:	poisson-fgpilu
Session:	31273
Limits:		neednodes=1:ppn=4,nodes=1:ppn=4,pmem=2700mb,walltime=00:01:00
Resources:	cput=00:00:04,energy_used=0,mem=75892kb,vmem=343780kb,walltime=00:00:13
Queue:		serial-short
Account:	rck-371-aa
Exit code:	0
Nodes:	sw-2r12-n60
Killing leftovers...

End PBS Epilogue Tue Apr  4 16:17:38 EDT 2017 1491337058
----------------------------------------
