----------------------------------------
Begin PBS Prologue Tue Apr  4 17:04:05 EDT 2017 1491339845
Job ID:		86431635.gm-1r16-n04.guillimin.clumeq.ca
Username:	akashi
Group:		rck-371-01
Nodes:		sw-2r12-n60
End PBS Prologue Tue Apr  4 17:04:05 EDT 2017 1491339845
----------------------------------------
Max OMP threads = 4
Preconditioner choice: f
Preconditioner: Number of sweeps = 2, 2
Domain boundaries in each dimension:
-1.000000 1.000000 -1.000000 1.000000 -1.000000 1.000000 
CartMesh: Number of points in each direction: 60 60 60 
CartMesh: Setting up DMDA
CartMesh: Total points = 216000, interior points = 195112, total number of partitions = 1
CartMesh: generateMesh_cheb: Generating grid
CartMesh: generateMesh_Cheb: h = 0.092216
ComputeRHS: Starting
ComputeRHS: Done
ComputeLHS: Setting values of the LHS matrix...
ComputeLHS: Done.
Using FGPILU as preconditioner.
compute_fgpilu_local(): First-time setup
compute_fgpilu_local: Factorizing. 2 build sweeps, chunk size is 1024 threads.
  0 KSP Residual norm 1.932631418414e+01 
  1 KSP Residual norm 1.598712179560e+01 
  2 KSP Residual norm 1.331205220125e+01 
  3 KSP Residual norm 1.114923421566e+01 
  4 KSP Residual norm 9.386290809337e+00 
  5 KSP Residual norm 7.939295818285e+00 
  6 KSP Residual norm 6.743655232931e+00 
  7 KSP Residual norm 5.749947895903e+00 
  8 KSP Residual norm 4.920492698688e+00 
  9 KSP Residual norm 4.224273037537e+00 
 10 KSP Residual norm 3.637504755456e+00 
 11 KSP Residual norm 3.140631924719e+00 
 12 KSP Residual norm 2.719521065030e+00 
 13 KSP Residual norm 2.360335986959e+00 
 14 KSP Residual norm 2.053255421929e+00 
 15 KSP Residual norm 1.790055072140e+00 
 16 KSP Residual norm 1.563672070593e+00 
 17 KSP Residual norm 1.368591729983e+00 
 18 KSP Residual norm 1.199999509371e+00 
 19 KSP Residual norm 1.053948595130e+00 
 20 KSP Residual norm 9.272808241603e-01 
 21 KSP Residual norm 8.170669432157e-01 
 22 KSP Residual norm 7.210192046573e-01 
 23 KSP Residual norm 6.371687869997e-01 
 24 KSP Residual norm 5.638415833717e-01 
 25 KSP Residual norm 4.996080128144e-01 
 26 KSP Residual norm 4.432546684204e-01 
 27 KSP Residual norm 3.937390276599e-01 
 28 KSP Residual norm 3.501109286096e-01 
 29 KSP Residual norm 3.118125435739e-01 
 30 KSP Residual norm 2.779221991317e-01 
 31 KSP Residual norm 2.480012743561e-01 
 32 KSP Residual norm 2.215383813169e-01 
 33 KSP Residual norm 1.980784098691e-01 
 34 KSP Residual norm 1.773363687743e-01 
 35 KSP Residual norm 1.589031719592e-01 
 36 KSP Residual norm 1.425204269816e-01 
 37 KSP Residual norm 1.279524778093e-01 
 38 KSP Residual norm 1.149826818481e-01 
 39 KSP Residual norm 1.034232230569e-01 
 40 KSP Residual norm 9.310623500469e-02 
 41 KSP Residual norm 8.390312210838e-02 
 42 KSP Residual norm 7.567216874107e-02 
 43 KSP Residual norm 6.830795965421e-02 
 44 KSP Residual norm 6.171334011136e-02 
 45 KSP Residual norm 5.580221508219e-02 
 46 KSP Residual norm 5.049652179697e-02 
 47 KSP Residual norm 4.573787875623e-02 
 48 KSP Residual norm 4.145847439124e-02 
 49 KSP Residual norm 3.760914619433e-02 
 50 KSP Residual norm 3.414398277628e-02 
 51 KSP Residual norm 3.102207111707e-02 
 52 KSP Residual norm 2.820687165035e-02 
 53 KSP Residual norm 2.566903573575e-02 
 54 KSP Residual norm 2.337207643497e-02 
 55 KSP Residual norm 2.129852348044e-02 
 56 KSP Residual norm 1.942308779016e-02 
 57 KSP Residual norm 1.772551913728e-02 
 58 KSP Residual norm 1.618792762872e-02 
 59 KSP Residual norm 1.479443613884e-02 
 60 KSP Residual norm 1.353012076201e-02 
 61 KSP Residual norm 1.238264316737e-02 
 62 KSP Residual norm 1.134052679433e-02 
 63 KSP Residual norm 1.039343450573e-02 
 64 KSP Residual norm 9.532148212201e-03 
 65 KSP Residual norm 8.748399869439e-03 
 66 KSP Residual norm 8.034791525479e-03 
 67 KSP Residual norm 7.382163001499e-03 
 68 KSP Residual norm 6.792278004845e-03 
 69 KSP Residual norm 6.251609911283e-03 
 70 KSP Residual norm 5.758197183990e-03 
 71 KSP Residual norm 5.307280816755e-03 
 72 KSP Residual norm 4.895950929130e-03 
 73 KSP Residual norm 4.519490887927e-03 
 74 KSP Residual norm 4.175246889271e-03 
 75 KSP Residual norm 3.860101902905e-03 
 76 KSP Residual norm 3.571491009693e-03 
 77 KSP Residual norm 3.307012620003e-03 
 78 KSP Residual norm 3.064522356001e-03 
 79 KSP Residual norm 2.842045154106e-03 
 80 KSP Residual norm 2.637805206849e-03 
 81 KSP Residual norm 2.450159310871e-03 
 82 KSP Residual norm 2.277589804736e-03 
 83 KSP Residual norm 2.119222045024e-03 
 84 KSP Residual norm 1.973250999753e-03 
 85 KSP Residual norm 1.838846369866e-03 
 86 KSP Residual norm 1.714966465870e-03 
 87 KSP Residual norm 1.600726538223e-03 
 88 KSP Residual norm 1.495294958374e-03 
 89 KSP Residual norm 1.397917166960e-03 
 90 KSP Residual norm 1.307924189135e-03 
 91 KSP Residual norm 1.224676079466e-03 
 92 KSP Residual norm 1.147635376043e-03 
 93 KSP Residual norm 1.076247321624e-03 
 94 KSP Residual norm 1.010083639294e-03 
 95 KSP Residual norm 9.486739854655e-04 
 96 KSP Residual norm 8.916558904781e-04 
 97 KSP Residual norm 8.386619250958e-04 
 98 KSP Residual norm 7.893718308401e-04 
 99 KSP Residual norm 7.434873504505e-04 
100 KSP Residual norm 7.007054445047e-04 
101 KSP Residual norm 6.608389939805e-04 
102 KSP Residual norm 6.236750169795e-04 
103 KSP Residual norm 5.889307568860e-04 
104 KSP Residual norm 5.564529296220e-04 
105 KSP Residual norm 5.260721953982e-04 
106 KSP Residual norm 4.976234072026e-04 
107 KSP Residual norm 4.709714853426e-04 
108 KSP Residual norm 4.459781062578e-04 
109 KSP Residual norm 4.225263840727e-04 
110 KSP Residual norm 4.005022628227e-04 
111 KSP Residual norm 3.798040728869e-04 
112 KSP Residual norm 3.603418605217e-04 
113 KSP Residual norm 3.420212557903e-04 
114 KSP Residual norm 3.247715698875e-04 
115 KSP Residual norm 3.085170366894e-04 
116 KSP Residual norm 2.931856757817e-04 
117 KSP Residual norm 2.787317250654e-04 
118 KSP Residual norm 2.650815539597e-04 
119 KSP Residual norm 2.521881130225e-04 
120 KSP Residual norm 2.400032446017e-04 
121 KSP Residual norm 2.284250920125e-04 
122 KSP Residual norm 2.175890914590e-04 
123 KSP Residual norm 2.072734767259e-04 
124 KSP Residual norm 1.975071618553e-04 
125 KSP Residual norm 1.882541913494e-04 
126 KSP Residual norm 1.794858102739e-04 
127 KSP Residual norm 1.711726753652e-04 
128 KSP Residual norm 1.632929636059e-04 
129 KSP Residual norm 1.558072021278e-04 
130 KSP Residual norm 1.487069028423e-04 
131 KSP Residual norm 1.419654074262e-04 
132 KSP Residual norm 1.355627711867e-04 
133 KSP Residual norm 1.294800626356e-04 
134 KSP Residual norm 1.236991708984e-04 
135 KSP Residual norm 1.182062137939e-04 
136 KSP Residual norm 1.129791163562e-04 
137 KSP Residual norm 1.080098241644e-04 
138 KSP Residual norm 1.032812517066e-04 
139 KSP Residual norm 9.878361086748e-05 
140 KSP Residual norm 9.450211278062e-05 
141 KSP Residual norm 9.042684584520e-05 
142 KSP Residual norm 8.654506295417e-05 
143 KSP Residual norm 8.284906031167e-05 
144 KSP Residual norm 7.932816644752e-05 
145 KSP Residual norm 7.597327577190e-05 
146 KSP Residual norm 7.277761772953e-05 
147 KSP Residual norm 6.973098668290e-05 
148 KSP Residual norm 6.682613857828e-05 
149 KSP Residual norm 6.405877029837e-05 
150 KSP Residual norm 6.141952644495e-05 
151 KSP Residual norm 5.890206146661e-05 
152 KSP Residual norm 5.650100935675e-05 
153 KSP Residual norm 5.421045993873e-05 
154 KSP Residual norm 5.202578155569e-05 
155 KSP Residual norm 4.993979164916e-05 
156 KSP Residual norm 4.794962843839e-05 
157 KSP Residual norm 4.605015021714e-05 
158 KSP Residual norm 4.423688308899e-05 
159 KSP Residual norm 4.250572383038e-05 
160 KSP Residual norm 4.085276167739e-05 
161 KSP Residual norm 3.927314089575e-05 
162 KSP Residual norm 3.776639977834e-05 
163 KSP Residual norm 3.632638069388e-05 
164 KSP Residual norm 3.495072483876e-05 
165 KSP Residual norm 3.363630251371e-05 
166 KSP Residual norm 3.237849411786e-05 
167 KSP Residual norm 3.117974842631e-05 
168 KSP Residual norm 3.003232134782e-05 
169 KSP Residual norm 2.893545191457e-05 
170 KSP Residual norm 2.788669472327e-05 
171 KSP Residual norm 2.688380605604e-05 
172 KSP Residual norm 2.592485430418e-05 
173 KSP Residual norm 2.500749729133e-05 
174 KSP Residual norm 2.413002839383e-05 
175 KSP Residual norm 2.329035019488e-05 
176 KSP Residual norm 2.248699344541e-05 
177 KSP Residual norm 2.171808591017e-05 
178 KSP Residual norm 2.098200142741e-05 
179 KSP Residual norm 2.027729524176e-05 
180 KSP Residual norm 1.960253552745e-05 
181 KSP Residual norm 1.895627775189e-05 
182 KSP Residual norm 1.833726036709e-05 
183 KSP Residual norm 1.774410934615e-05 
184 KSP Residual norm 1.717563081471e-05 
185 KSP Residual norm 1.663083650806e-05 
186 KSP Residual norm 1.610854757843e-05 
187 KSP Residual norm 1.560804891214e-05 
188 KSP Residual norm 1.512776613875e-05 
189 KSP Residual norm 1.466660595421e-05 
190 KSP Residual norm 1.422496176129e-05 
191 KSP Residual norm 1.380059666093e-05 
192 KSP Residual norm 1.339333223688e-05 
193 KSP Residual norm 1.300220517805e-05 
194 KSP Residual norm 1.262651354007e-05 
195 KSP Residual norm 1.226555603710e-05 
196 KSP Residual norm 1.191617776615e-05 
197 KSP Residual norm 1.158533590173e-05 
198 KSP Residual norm 1.126466358993e-05 
199 KSP Residual norm 1.095624207444e-05 
200 KSP Residual norm 1.065948847818e-05 
201 KSP Residual norm 1.037388608410e-05 
202 KSP Residual norm 1.009891490236e-05 
203 KSP Residual norm 9.834096030741e-06 
204 KSP Residual norm 9.578968809457e-06 
205 KSP Residual norm 9.333119398732e-06 
206 KSP Residual norm 9.095963224851e-06 
207 KSP Residual norm 8.867547769112e-06 
208 KSP Residual norm 8.647061702696e-06 
209 KSP Residual norm 8.434276366945e-06 
210 KSP Residual norm 8.228866075822e-06 
211 KSP Residual norm 8.030508338059e-06 
212 KSP Residual norm 7.838884193808e-06 
213 KSP Residual norm 7.653700872169e-06 
214 KSP Residual norm 7.474679252138e-06 
215 KSP Residual norm 7.301550642047e-06 
216 KSP Residual norm 7.134061160458e-06 
217 KSP Residual norm 6.971968176080e-06 
218 KSP Residual norm 6.815042422258e-06 
219 KSP Residual norm 6.663066933628e-06 
220 KSP Residual norm 6.515825055930e-06 
221 KSP Residual norm 6.373121901195e-06 
222 KSP Residual norm 6.234771982479e-06 
223 KSP Residual norm 6.100576385010e-06 
224 KSP Residual norm 5.970416183259e-06 
225 KSP Residual norm 5.844065895706e-06 
226 KSP Residual norm 5.721347828470e-06 
227 KSP Residual norm 5.602272756984e-06 
228 KSP Residual norm 5.486531929900e-06 
229 KSP Residual norm 5.374050282098e-06 
230 KSP Residual norm 5.264695569813e-06 
231 KSP Residual norm 5.158412871869e-06 
232 KSP Residual norm 5.054913320554e-06 
233 KSP Residual norm 4.954244079041e-06 
234 KSP Residual norm 4.856257052971e-06 
235 KSP Residual norm 4.760838453511e-06 
236 KSP Residual norm 4.667907775943e-06 
237 KSP Residual norm 4.577367893451e-06 
238 KSP Residual norm 4.489167685006e-06 
239 KSP Residual norm 4.403107996444e-06 
240 KSP Residual norm 4.319240070219e-06 
241 KSP Residual norm 4.237435957314e-06 
242 KSP Residual norm 4.157625744121e-06 
243 KSP Residual norm 4.079737478207e-06 
244 KSP Residual norm 4.003710885744e-06 
245 KSP Residual norm 3.929482936996e-06 
246 KSP Residual norm 3.856993029739e-06 
247 KSP Residual norm 3.786177898782e-06 
248 KSP Residual norm 3.716991794148e-06 
249 KSP Residual norm 3.649382530742e-06 
250 KSP Residual norm 3.583302730492e-06 
251 KSP Residual norm 3.518661059982e-06 
252 KSP Residual norm 3.455076279526e-06 
253 KSP Residual norm 3.393705203679e-06 
254 KSP Residual norm 3.333248734569e-06 
255 KSP Residual norm 3.274097839624e-06 
256 KSP Residual norm 3.216207287466e-06 
257 KSP Residual norm 3.159544980806e-06 
258 KSP Residual norm 3.104080724047e-06 
259 KSP Residual norm 3.049161899837e-06 
260 KSP Residual norm 2.996593248733e-06 
261 KSP Residual norm 2.944491745275e-06 
262 KSP Residual norm 2.893035700564e-06 
263 KSP Residual norm 2.843476022291e-06 
264 KSP Residual norm 2.794475162281e-06 
265 KSP Residual norm 2.746462719037e-06 
266 KSP Residual norm 2.699401282374e-06 
267 KSP Residual norm 2.653267369846e-06 
268 KSP Residual norm 2.608036058535e-06 
269 KSP Residual norm 2.563687934816e-06 
270 KSP Residual norm 2.520197509951e-06 
271 KSP Residual norm 2.477549726812e-06 
272 KSP Residual norm 2.435707835958e-06 
273 KSP Residual norm 2.394663003173e-06 
274 KSP Residual norm 2.354397326152e-06 
275 KSP Residual norm 2.314889468330e-06 
276 KSP Residual norm 2.276120615546e-06 
277 KSP Residual norm 2.238072937118e-06 
278 KSP Residual norm 2.200735242800e-06 
279 KSP Residual norm 2.164082856102e-06 
280 KSP Residual norm 2.128105766928e-06 
281 KSP Residual norm 2.092785539655e-06 
282 KSP Residual norm 2.058108259237e-06 
283 KSP Residual norm 2.024060419681e-06 
284 KSP Residual norm 1.990627484030e-06 
285 KSP Residual norm 1.957794825693e-06 
286 KSP Residual norm 1.925541144617e-06 
KSP final norm of residual 0.000979986
KSP Object: 1 MPI processes
  type: richardson
    Richardson: damping factor=1
  maximum iterations=500, initial guess is zero
  tolerances:  relative=1e-07, absolute=1e-50, divergence=10000
  left preconditioning
  using PRECONDITIONED norm type for convergence test
PC Object: 1 MPI processes
  type: shell
    Shell: FGPILU
  linear system matrix = precond matrix:
  Mat Object:   1 MPI processes
    type: seqaij
    rows=195112, cols=195112
    total: nonzeros=1.3456e+06, allocated nonzeros=1.3456e+06
    total number of mallocs used during MatSetValues calls =0
      not using I-node routines
Number of KSP iterations = 286
KSP residual norm = 0.000002
h and error: 0.092216  0.007443
log h and log error: -1.035193  -2.128263
cleanup_fgpilu(): All done.
----------------------------------------
Begin PBS Epilogue Tue Apr  4 17:04:12 EDT 2017 1491339852
Job ID:		86431635.gm-1r16-n04.guillimin.clumeq.ca
Username:	akashi
Group:		rck-371-01
Job Name:	poisson-fgpilu
Session:	7335
Limits:		neednodes=1:ppn=4,nodes=1:ppn=4,pmem=2700mb,walltime=00:01:00
Resources:	cput=00:00:00,energy_used=0,mem=8040kb,vmem=186872kb,walltime=00:00:07
Queue:		serial-short
Account:	rck-371-aa
Exit code:	0
Nodes:	sw-2r12-n60
Killing leftovers...

End PBS Epilogue Tue Apr  4 17:04:13 EDT 2017 1491339853
----------------------------------------
